<?xml version="1.0" encoding="utf-8"?>
<?AutomationStudio Version="4.5.2.102"?>
<Objects>
  <Object
    Path="C:\Users\Rustam\Desktop\kurs\Logical\Package.pkg"
    LogicalPath=""
    Type="Package.ParentUnknown"
    LastWriteTime="133248270114674840" />
  <Object
    Path="C:\Users\Rustam\Desktop\kurs\Logical\Global.typ"
    LogicalPath="Global.typ"
    Type="File"
    LastWriteTime="133246683445585945"
    Private="false" />
  <Object
    Path="C:\Users\Rustam\Desktop\kurs\Logical\Global.var"
    LogicalPath="Global.var"
    Type="File"
    LastWriteTime="133248290002030975"
    Private="false" />
  <Object
    Path="C:\Users\Rustam\Desktop\kurs\Logical\Libraries\Package.pkg"
    LogicalPath="Libraries"
    Type="Package"
    LastWriteTime="133246683485234602" />
  <Object
    Path="C:\Users\Rustam\Desktop\kurs\Logical\Libraries\operator\binary.lby"
    LogicalPath="Libraries.operator"
    Type="Library"
    LastWriteTime="133246683472763260" />
  <Object
    Path="C:\Users\Rustam\Desktop\kurs\Logical\Libraries\operator\operator.fun"
    LogicalPath="Libraries.operator.operator.fun"
    Type="File"
    LastWriteTime="133246683472633235"
    Private="false" />
  <Object
    Path="C:\Users\Rustam\Desktop\kurs\Logical\Libraries\operator\operator.typ"
    LogicalPath="Libraries.operator.operator.typ"
    Type="File"
    LastWriteTime="133246683472708262"
    Private="false" />
  <Object
    Path="C:\Users\Rustam\Desktop\kurs\Logical\Libraries\operator\operator.var"
    LogicalPath="Libraries.operator.operator.var"
    Type="File"
    LastWriteTime="133246683472758258"
    Private="false" />
  <Object
    Path="C:\Users\Rustam\Desktop\kurs\Logical\Libraries\runtime\binary.lby"
    LogicalPath="Libraries.runtime"
    Type="Library"
    LastWriteTime="133246683477059005" />
  <Object
    Path="C:\Users\Rustam\Desktop\kurs\Logical\Libraries\runtime\runtime.fun"
    LogicalPath="Libraries.runtime.runtime.fun"
    Type="File"
    LastWriteTime="133246683476978996"
    Private="false" />
  <Object
    Path="C:\Users\Rustam\Desktop\kurs\Logical\Libraries\runtime\runtime.typ"
    LogicalPath="Libraries.runtime.runtime.typ"
    Type="File"
    LastWriteTime="133246683477019004"
    Private="false" />
  <Object
    Path="C:\Users\Rustam\Desktop\kurs\Logical\Libraries\runtime\runtime.var"
    LogicalPath="Libraries.runtime.runtime.var"
    Type="File"
    LastWriteTime="133246683477054012"
    Private="false" />
  <Object
    Path="C:\Users\Rustam\Desktop\kurs\Logical\Libraries\astime\binary.lby"
    LogicalPath="Libraries.astime"
    Type="Library"
    LastWriteTime="133246683480843842" />
  <Object
    Path="C:\Users\Rustam\Desktop\kurs\Logical\Libraries\astime\astime.fun"
    LogicalPath="Libraries.astime.astime.fun"
    Type="File"
    LastWriteTime="133246683480758827"
    Private="false" />
  <Object
    Path="C:\Users\Rustam\Desktop\kurs\Logical\Libraries\astime\astime.typ"
    LogicalPath="Libraries.astime.astime.typ"
    Type="File"
    LastWriteTime="133246683480793827"
    Private="false" />
  <Object
    Path="C:\Users\Rustam\Desktop\kurs\Logical\Libraries\astime\astime.var"
    LogicalPath="Libraries.astime.astime.var"
    Type="File"
    LastWriteTime="133246683480833844"
    Private="false" />
  <Object
    Path="C:\Users\Rustam\Desktop\kurs\Logical\Libraries\AsIecCon\binary.lby"
    LogicalPath="Libraries.AsIecCon"
    Type="Library"
    LastWriteTime="133246683485099575" />
  <Object
    Path="C:\Users\Rustam\Desktop\kurs\Logical\Libraries\AsIecCon\AsIecCon.fun"
    LogicalPath="Libraries.AsIecCon.AsIecCon.fun"
    Type="File"
    LastWriteTime="133246683485029568"
    Private="false" />
  <Object
    Path="C:\Users\Rustam\Desktop\kurs\Logical\Libraries\AsIecCon\AsIecCon.typ"
    LogicalPath="Libraries.AsIecCon.AsIecCon.typ"
    Type="File"
    LastWriteTime="133246683485064574"
    Private="false" />
  <Object
    Path="C:\Users\Rustam\Desktop\kurs\Logical\Libraries\AsIecCon\AsIecCon.var"
    LogicalPath="Libraries.AsIecCon.AsIecCon.var"
    Type="File"
    LastWriteTime="133246683485094580"
    Private="false" />
  <Object
    Path="C:\Users\Rustam\Desktop\kurs\Logical\PLT_1\ANSIC.prg"
    LogicalPath="PLT_1"
    Type="Program"
    LastWriteTime="133246703812862428" />
  <Object
    Path="C:\Users\Rustam\Desktop\kurs\Logical\PLT_1\Main.cpp"
    LogicalPath="PLT_1.Main.cpp"
    Type="File"
    LastWriteTime="133265373359158903"
    Private="false" />
  <Object
    Path="C:\Users\Rustam\Desktop\kurs\Logical\PLT_1\Types.typ"
    LogicalPath="PLT_1.Types.typ"
    Type="File"
    LastWriteTime="133246703812827422"
    Private="true" />
  <Object
    Path="C:\Users\Rustam\Desktop\kurs\Logical\PLT_1\Variables.var"
    LogicalPath="PLT_1.Variables.var"
    Type="File"
    LastWriteTime="133248214876135134"
    Private="true" />
  <Object
    Path="C:\Users\Rustam\Desktop\kurs\Logical\CRANE_1\ANSIC.prg"
    LogicalPath="CRANE_1"
    Type="Program"
    LastWriteTime="133248269996762978" />
  <Object
    Path="C:\Users\Rustam\Desktop\kurs\Logical\CRANE_1\Main.c"
    LogicalPath="CRANE_1.Main.c"
    Type="File"
    LastWriteTime="133265388264741938"
    Private="false" />
  <Object
    Path="C:\Users\Rustam\Desktop\kurs\Logical\CRANE_1\Types.typ"
    LogicalPath="CRANE_1.Types.typ"
    Type="File"
    LastWriteTime="133248269996737969"
    Private="true" />
  <Object
    Path="C:\Users\Rustam\Desktop\kurs\Logical\CRANE_1\Variables.var"
    LogicalPath="CRANE_1.Variables.var"
    Type="File"
    LastWriteTime="133248312451561960"
    Private="true" />
  <Object
    Path="C:\Users\Rustam\Desktop\kurs\Physical\Config1\Config.pkg"
    LogicalPath="Config1"
    Type="Configuration.ParentUnknown"
    LastWriteTime="133246683516114102" />
  <Object
    Path="C:\Users\Rustam\Desktop\kurs\Physical\Config1\Hardware.hw"
    LogicalPath="Config1.Hardware.hw"
    Type="File"
    LastWriteTime="133248335610281018"
    Private="false" />
  <Object
    Path="C:\Users\Rustam\Desktop\kurs\Physical\Config1\Hardware.hwl"
    LogicalPath="Config1.Hardware.hwl"
    Type="File"
    LastWriteTime="131865063240000000"
    Private="false" />
  <Object
    Path="C:\Users\Rustam\Desktop\kurs\Physical\Config1\4PP065_0571_P74\Cpu.pkg"
    LogicalPath="Config1.4PP065_0571_P74"
    Type="Cpu"
    LastWriteTime="133247532906261860" />
  <Object
    Path="C:\Users\Rustam\Desktop\kurs\Physical\Config1\4PP065_0571_P74\Cpu.sw"
    LogicalPath="Config1.4PP065_0571_P74.Cpu.sw"
    Type="File"
    LastWriteTime="133248333935328560"
    Private="false" />
  <Object
    Path="C:\Users\Rustam\Desktop\kurs\Physical\Config1\4PP065_0571_P74\Cpu.per"
    LogicalPath="Config1.4PP065_0571_P74.Cpu.per"
    Type="File"
    LastWriteTime="133246683490315487"
    Private="false" />
  <Object
    Path="C:\Users\Rustam\Desktop\kurs\Physical\Config1\4PP065_0571_P74\IoMap.iom"
    LogicalPath="Config1.4PP065_0571_P74.IoMap.iom"
    Type="File"
    LastWriteTime="133246683490330490"
    Private="false" />
  <Object
    Path="C:\Users\Rustam\Desktop\kurs\Physical\Config1\4PP065_0571_P74\PvMap.vvm"
    LogicalPath="Config1.4PP065_0571_P74.PvMap.vvm"
    Type="File"
    LastWriteTime="133246683490450509"
    Private="false" />
  <Object
    Path="C:\Users\Rustam\Desktop\kurs\Physical\Config1\4PP065_0571_P74\Connectivity\Package.pkg"
    LogicalPath="Config1.4PP065_0571_P74.Connectivity"
    Type="Package"
    LastWriteTime="133246683490790572" />
  <Object
    Path="C:\Users\Rustam\Desktop\kurs\Physical\Config1\4PP065_0571_P74\Connectivity\OpcUA\Package.pkg"
    LogicalPath="Config1.4PP065_0571_P74.Connectivity.OpcUA"
    Type="Package"
    LastWriteTime="133246685660004773" />
  <Object
    Path="C:\Users\Rustam\Desktop\kurs\Physical\Config1\4PP065_0571_P74\Connectivity\OpcUA\OpcUaMap.uad"
    LogicalPath="Config1.4PP065_0571_P74.Connectivity.OpcUA.OpcUaMap.uad"
    Type="File"
    LastWriteTime="133248290000675941"
    Private="false" />
  <Object
    Path="C:\Users\Rustam\Desktop\kurs\Physical\Config1\4PP065_0571_P74\TextSystem\Package.pkg"
    LogicalPath="Config1.4PP065_0571_P74.TextSystem"
    Type="Package"
    LastWriteTime="133246683490865584" />
  <Object
    Path="C:\Users\Rustam\Desktop\kurs\Physical\Config1\4PP065_0571_P74\UnitSystem\Package.pkg"
    LogicalPath="Config1.4PP065_0571_P74.UnitSystem"
    Type="Package"
    LastWriteTime="133246683490970602" />
  <Object
    Path="C:\Users\Rustam\Desktop\kurs\Physical\Config1\4PP065_0571_P74\AccessAndSecurity\Package.pkg"
    LogicalPath="Config1.4PP065_0571_P74.AccessAndSecurity"
    Type="Package"
    LastWriteTime="133246683491705738" />
  <Object
    Path="C:\Users\Rustam\Desktop\kurs\Physical\Config1\4PP065_0571_P74\AccessAndSecurity\UserRoleSystem\Package.pkg"
    LogicalPath="Config1.4PP065_0571_P74.AccessAndSecurity.UserRoleSystem"
    Type="Package"
    LastWriteTime="133246683491240657" />
  <Object
    Path="C:\Users\Rustam\Desktop\kurs\Physical\Config1\4PP065_0571_P74\AccessAndSecurity\UserRoleSystem\Role.role"
    LogicalPath="Config1.4PP065_0571_P74.AccessAndSecurity.UserRoleSystem.Role.role"
    Type="File"
    LastWriteTime="133246683491195643"
    Private="false" />
  <Object
    Path="C:\Users\Rustam\Desktop\kurs\Physical\Config1\4PP065_0571_P74\AccessAndSecurity\UserRoleSystem\User.user"
    LogicalPath="Config1.4PP065_0571_P74.AccessAndSecurity.UserRoleSystem.User.user"
    Type="File"
    LastWriteTime="133246683491235661"
    Private="false" />
  <Object
    Path="C:\Users\Rustam\Desktop\kurs\Physical\Config1\4PP065_0571_P74\AccessAndSecurity\CertificateStore\Package.pkg"
    LogicalPath="Config1.4PP065_0571_P74.AccessAndSecurity.CertificateStore"
    Type="Package"
    LastWriteTime="133246683491645717" />
  <Object
    Path="C:\Users\Rustam\Desktop\kurs\Physical\Config1\4PP065_0571_P74\AccessAndSecurity\CertificateStore\OwnCertificates\Package.pkg"
    LogicalPath="Config1.4PP065_0571_P74.AccessAndSecurity.CertificateStore.OwnCertificates"
    Type="Package"
    LastWriteTime="133246683491435688" />
  <Object
    Path="C:\Users\Rustam\Desktop\kurs\Physical\Config1\4PP065_0571_P74\AccessAndSecurity\CertificateStore\OwnCertificates\Certificates\Package.pkg"
    LogicalPath="Config1.4PP065_0571_P74.AccessAndSecurity.CertificateStore.OwnCertificates.Certificates"
    Type="Package"
    LastWriteTime="133246683491380684" />
  <Object
    Path="C:\Users\Rustam\Desktop\kurs\Physical\Config1\4PP065_0571_P74\AccessAndSecurity\CertificateStore\OwnCertificates\PrivateKeys\Package.pkg"
    LogicalPath="Config1.4PP065_0571_P74.AccessAndSecurity.CertificateStore.OwnCertificates.PrivateKeys"
    Type="Package"
    LastWriteTime="133246683491430688" />
  <Object
    Path="C:\Users\Rustam\Desktop\kurs\Physical\Config1\4PP065_0571_P74\AccessAndSecurity\CertificateStore\ThirdPartyCertificates\Package.pkg"
    LogicalPath="Config1.4PP065_0571_P74.AccessAndSecurity.CertificateStore.ThirdPartyCertificates"
    Type="Package"
    LastWriteTime="133246683491545700" />
  <Object
    Path="C:\Users\Rustam\Desktop\kurs\Physical\Config1\4PP065_0571_P74\AccessAndSecurity\CertificateStore\ThirdPartyCertificates\SoftwareCertificates\Package.pkg"
    LogicalPath="Config1.4PP065_0571_P74.AccessAndSecurity.CertificateStore.ThirdPartyCertificates.SoftwareCertificates"
    Type="Package"
    LastWriteTime="133246683491535699" />
  <Object
    Path="C:\Users\Rustam\Desktop\kurs\Physical\Config1\4PP065_0571_P74\AccessAndSecurity\CertificateStore\CertificateRevocationLists\Package.pkg"
    LogicalPath="Config1.4PP065_0571_P74.AccessAndSecurity.CertificateStore.CertificateRevocationLists"
    Type="Package"
    LastWriteTime="133246683491590707" />
  <Object
    Path="C:\Users\Rustam\Desktop\kurs\Physical\Config1\4PP065_0571_P74\AccessAndSecurity\CertificateStore\CertificateSigningRequests\Package.pkg"
    LogicalPath="Config1.4PP065_0571_P74.AccessAndSecurity.CertificateStore.CertificateSigningRequests"
    Type="Package"
    LastWriteTime="133246683491640716" />
  <Object
    Path="C:\Users\Rustam\Desktop\kurs\Physical\Config1\4PP065_0571_P74\AccessAndSecurity\TransportLayerSecurity\Package.pkg"
    LogicalPath="Config1.4PP065_0571_P74.AccessAndSecurity.TransportLayerSecurity"
    Type="Package"
    LastWriteTime="133246683491700732" />
  <Object
    Path="C:\Users\Rustam\Desktop\kurs\Physical\Config1\4PP065_0571_P74\mappControl\Package.pkg"
    LogicalPath="Config1.4PP065_0571_P74.mappControl"
    Type="Package"
    LastWriteTime="133246683491775749" />
  <Object
    Path="C:\Users\Rustam\Desktop\kurs\Physical\Config1\4PP065_0571_P74\mappMotion\Package.pkg"
    LogicalPath="Config1.4PP065_0571_P74.mappMotion"
    Type="Package"
    LastWriteTime="133246683491875762" />
  <Object
    Path="C:\Users\Rustam\Desktop\kurs\Physical\Config1\4PP065_0571_P74\mappServices\Package.pkg"
    LogicalPath="Config1.4PP065_0571_P74.mappServices"
    Type="Package"
    LastWriteTime="133246683491950775" />
  <Object
    Path="C:\Users\Rustam\Desktop\kurs\Physical\Config1\4PP065_0571_P74\mappView\Package.pkg"
    LogicalPath="Config1.4PP065_0571_P74.mappView"
    Type="Package"
    LastWriteTime="133246683492045787" />
  <Object
    Path="C:\Users\Rustam\Desktop\kurs\Physical\Config1\4PP065_0571_P74\mappCockpit\Package.pkg"
    LogicalPath="Config1.4PP065_0571_P74.mappCockpit"
    Type="Package"
    LastWriteTime="133246683492150806" />
  <Object
    Path="C:\Users\Rustam\Desktop\kurs\Physical\Config1\Hardware.jpg"
    LogicalPath="Config1.Hardware.jpg"
    Type="File"
    LastWriteTime="133248206641913562"
    Private="false" />
</Objects>